<?xml version="1.0" encoding="UTF-8"?>
<testsuite name="PostmanEchoTest" tests="1" skipped="0" failures="0" errors="0" timestamp="2021-08-13T21:10:54" hostname="DESKTOP-DQHJ0E5" time="3.484">
  <properties/>
  <testcase name="shouldReturnPost()" classname="PostmanEchoTest" time="3.484"/>
  <system-out><![CDATA[]]></system-out>
  <system-err><![CDATA[]]></system-err>
</testsuite>
