<?xml version="1.0" encoding="UTF-8"?>
<testsuite name="PostmanEchoTest" tests="1" skipped="0" failures="0" errors="0" timestamp="2021-08-13T21:32:51" hostname="DESKTOP-DQHJ0E5" time="2.295">
  <properties/>
  <testcase name="shouldReturnPost()" classname="PostmanEchoTest" time="2.295"/>
  <system-out><![CDATA[]]></system-out>
  <system-err><![CDATA[]]></system-err>
</testsuite>
